<?xml version="1.0" encoding="UTF-8"?>
<!-- Generated by org.testng.reporters.JUnitReportReporter -->
<testsuite hostname="DESKTOP-HQT2HP1" failures="0" tests="1" name="loginTest.OpenFacebook" time="0.109" errors="0" timestamp="2023-09-17T23:35:51 EDT" skipped="0">
  <testcase classname="loginTest.OpenFacebook" name="logintest1" time="0.109"/>
  <system-out/>
</testsuite> <!-- loginTest.OpenFacebook -->
