<?xml version="1.0" encoding="UTF-8"?>
<!-- Generated by org.testng.reporters.JUnitReportReporter -->
<testsuite hostname="DESKTOP-HQT2HP1" failures="0" tests="2" name="loginTest.Assertion" time="0.123" errors="0" timestamp="2023-09-19T00:58:11 EDT" skipped="0">
  <testcase classname="loginTest.Assertion" name="facebookLoginTest" time="0.113"/>
  <system-out/>
  <testcase classname="loginTest.Assertion" name="assertion" time="0.010"/>
  <system-out/>
</testsuite> <!-- loginTest.Assertion -->
